0 info it worked if it ends with ok
1 verbose cli [ '/usr/local/bin/node', '/usr/local/bin/npm', 'run', 'dev' ]
2 info using npm@4.1.2
3 info using node@v7.7.3
4 verbose run-script [ 'predev', 'dev', 'postdev' ]
5 info lifecycle iview@2.5.1~predev: iview@2.5.1
6 silly lifecycle iview@2.5.1~predev: no script for predev, continuing
7 info lifecycle iview@2.5.1~dev: iview@2.5.1
8 verbose lifecycle iview@2.5.1~dev: unsafe-perm in lifecycle true
9 verbose lifecycle iview@2.5.1~dev: PATH: /usr/local/lib/node_modules/npm/bin/node-gyp-bin:/data/www/myop/flower2/node_modules/iview/node_modules/.bin:/data/www/myop/flower2/node_modules/.bin:/usr/local/bin:/usr/bin:/bin:/usr/sbin:/sbin:/opt/X11/bin
10 verbose lifecycle iview@2.5.1~dev: CWD: /data/www/myop/flower2/node_modules/iview
11 silly lifecycle iview@2.5.1~dev: Args: [ '-c',
11 silly lifecycle   'webpack-dev-server --content-base test/ --open --inline --hot --compress --history-api-fallback --port 8081 --config build/webpack.dev.config.js' ]
12 silly lifecycle iview@2.5.1~dev: Returned: code: 1  signal: null
13 info lifecycle iview@2.5.1~dev: Failed to exec dev script
14 verbose stack Error: iview@2.5.1 dev: `webpack-dev-server --content-base test/ --open --inline --hot --compress --history-api-fallback --port 8081 --config build/webpack.dev.config.js`
14 verbose stack Exit status 1
14 verbose stack     at EventEmitter.<anonymous> (/usr/local/lib/node_modules/npm/lib/utils/lifecycle.js:279:16)
14 verbose stack     at emitTwo (events.js:106:13)
14 verbose stack     at EventEmitter.emit (events.js:194:7)
14 verbose stack     at ChildProcess.<anonymous> (/usr/local/lib/node_modules/npm/lib/utils/spawn.js:40:14)
14 verbose stack     at emitTwo (events.js:106:13)
14 verbose stack     at ChildProcess.emit (events.js:194:7)
14 verbose stack     at maybeClose (internal/child_process.js:899:16)
14 verbose stack     at Process.ChildProcess._handle.onexit (internal/child_process.js:226:5)
15 verbose pkgid iview@2.5.1
16 verbose cwd /data/www/myop/flower2/node_modules/iview
17 error Darwin 16.4.0
18 error argv "/usr/local/bin/node" "/usr/local/bin/npm" "run" "dev"
19 error node v7.7.3
20 error npm  v4.1.2
21 error code ELIFECYCLE
22 error iview@2.5.1 dev: `webpack-dev-server --content-base test/ --open --inline --hot --compress --history-api-fallback --port 8081 --config build/webpack.dev.config.js`
22 error Exit status 1
23 error Failed at the iview@2.5.1 dev script 'webpack-dev-server --content-base test/ --open --inline --hot --compress --history-api-fallback --port 8081 --config build/webpack.dev.config.js'.
23 error Make sure you have the latest version of node.js and npm installed.
23 error If you do, this is most likely a problem with the iview package,
23 error not with npm itself.
23 error Tell the author that this fails on your system:
23 error     webpack-dev-server --content-base test/ --open --inline --hot --compress --history-api-fallback --port 8081 --config build/webpack.dev.config.js
23 error You can get information on how to open an issue for this project with:
23 error     npm bugs iview
23 error Or if that isn't available, you can get their info via:
23 error     npm owner ls iview
23 error There is likely additional logging output above.
24 verbose exit [ 1, true ]
